<?xml version="1.0" encoding="UTF-8"?>
<!-- Generated by org.testng.reporters.JUnitXMLReporter -->
<testsuite hostname="Nurs-MBP.verizon.net" ignored="0" name="Default test" tests="4" failures="0" timestamp="04 Mar 2020 02:18:02 GMT" time="27.537" errors="0">
  <testcase name="getTitle" time="0.014" classname="com.hubspot.tests.LoginPageTest"/>
  <testcase name="loginTest1" time="0.372" classname="com.hubspot.tests.LoginPageTest"/>
  <testcase name="loginTest2" time="0.402" classname="com.hubspot.tests.LoginPageTest"/>
  <testcase name="loginTest3" time="0.366" classname="com.hubspot.tests.LoginPageTest"/>
</testsuite> <!-- Default test -->
