<?xml version="1.0" encoding="UTF-8"?>
<!-- Generated by org.testng.reporters.JUnitXMLReporter -->
<testsuite hostname="Nurs-MBP.verizon.net" ignored="0" name="Default test" tests="4" failures="0" timestamp="17 Mar 2020 23:37:57 GMT" time="30.701" errors="0">
  <testcase name="getTitle" time="0.082" classname="com.hubspot.tests.LoginPageTest"/>
  <testcase name="loginTest1" time="0.612" classname="com.hubspot.tests.LoginPageTest"/>
  <testcase name="loginTest2" time="0.765" classname="com.hubspot.tests.LoginPageTest"/>
  <testcase name="loginTest3" time="0.482" classname="com.hubspot.tests.LoginPageTest"/>
</testsuite> <!-- Default test -->
